# JRE version: OpenJDK Runtime Environment Microsoft-8035246 (17.0.8+7) (build 17.0.8+7-LTS)
# Java VM: OpenJDK 64-Bit Server VM Microsoft-8035246 (17.0.8+7-LTS, mixed mode, sharing, tiered, compressed oops, compressed class ptrs, g1 gc, windows-amd64)
GC Precious Log:
 CPUs: 8 total, 8 available
 Memory: 8157M
 Large Page Support: Disabled
 NUMA Support: Disabled
 Compressed Oops: Enabled (32-bit)
 Heap Region Size: 1M
 Heap Min Capacity: 8M
 Heap Initial Capacity: 128M
 Heap Max Capacity: 2G
 Pre-touch: Disabled
 Parallel Workers: 8
 Concurrent Workers: 2
 Concurrent Refinement Workers: 8
 Periodic GC: Disabled
Heap:
 garbage-first heap   total 306176K, used 240940K [0x0000000080000000, 0x0000000100000000)
  region size 1024K, 65 young (66560K), 1 survivors (1024K)
 Metaspace       used 99601K, committed 100672K, reserved 557056K
  class space    used 13910K, committed 14464K, reserved 425984K
GC Heap History (20 events):
Event: 64.149 GC heap before
{Heap before GC invocations=64 (full 0):
 garbage-first heap   total 227328K, used 187159K [0x0000000080000000, 0x0000000100000000)
  region size 1024K, 31 young (31744K), 3 survivors (3072K)
 Metaspace       used 95137K, committed 96256K, reserved 557056K
  class space    used 13391K, committed 13952K, reserved 425984K
}
Event: 64.154 GC heap after
{Heap after GC invocations=65 (full 0):
 garbage-first heap   total 227328K, used 160204K [0x0000000080000000, 0x0000000100000000)
  region size 1024K, 2 young (2048K), 2 survivors (2048K)
 Metaspace       used 95137K, committed 96256K, reserved 557056K
  class space    used 13391K, committed 13952K, reserved 425984K
}
Event: 65.161 GC heap before
{Heap before GC invocations=65 (full 0):
 garbage-first heap   total 227328K, used 189900K [0x0000000080000000, 0x0000000100000000)
  region size 1024K, 31 young (31744K), 2 survivors (2048K)
 Metaspace       used 96502K, committed 97536K, reserved 557056K
  class space    used 13570K, committed 14080K, reserved 425984K
}
Event: 65.168 GC heap after
{Heap after GC invocations=66 (full 0):
 garbage-first heap   total 227328K, used 163159K [0x0000000080000000, 0x0000000100000000)
  region size 1024K, 4 young (4096K), 4 survivors (4096K)
 Metaspace       used 96502K, committed 97536K, reserved 557056K
  class space    used 13570K, committed 14080K, reserved 425984K
}
Event: 65.847 GC heap before
{Heap before GC invocations=66 (full 0):
 garbage-first heap   total 227328K, used 190807K [0x0000000080000000, 0x0000000100000000)
  region size 1024K, 31 young (31744K), 4 survivors (4096K)
 Metaspace       used 97566K, committed 98688K, reserved 557056K
  class space    used 13704K, committed 14272K, reserved 425984K
}
Event: 65.855 GC heap after
{Heap after GC invocations=67 (full 0):
 garbage-first heap   total 227328K, used 167204K [0x0000000080000000, 0x0000000100000000)
  region size 1024K, 4 young (4096K), 4 survivors (4096K)
 Metaspace       used 97566K, committed 98688K, reserved 557056K
  class space    used 13704K, committed 14272K, reserved 425984K
}
Event: 66.282 GC heap before
{Heap before GC invocations=67 (full 0):
 garbage-first heap   total 227328K, used 191780K [0x0000000080000000, 0x0000000100000000)
  region size 1024K, 28 young (28672K), 4 survivors (4096K)
 Metaspace       used 97903K, committed 99008K, reserved 557056K
  class space    used 13731K, committed 14272K, reserved 425984K
}
Event: 66.288 GC heap after
{Heap after GC invocations=68 (full 0):
 garbage-first heap   total 227328K, used 170230K [0x0000000080000000, 0x0000000100000000)
  region size 1024K, 4 young (4096K), 4 survivors (4096K)
 Metaspace       used 97903K, committed 99008K, reserved 557056K
  class space    used 13731K, committed 14272K, reserved 425984K
}
Event: 66.685 GC heap before
{Heap before GC invocations=68 (full 0):
 garbage-first heap   total 227328K, used 192758K [0x0000000080000000, 0x0000000100000000)
  region size 1024K, 26 young (26624K), 4 survivors (4096K)
 Metaspace       used 98047K, committed 99136K, reserved 557056K
  class space    used 13732K, committed 14272K, reserved 425984K
}
Event: 66.690 GC heap after
{Heap after GC invocations=69 (full 0):
 garbage-first heap   total 227328K, used 172180K [0x0000000080000000, 0x0000000100000000)
  region size 1024K, 3 young (3072K), 3 survivors (3072K)
 Metaspace       used 98047K, committed 99136K, reserved 557056K
  class space    used 13732K, committed 14272K, reserved 425984K
}
Event: 67.179 GC heap before
{Heap before GC invocations=69 (full 0):
 garbage-first heap   total 227328K, used 194708K [0x0000000080000000, 0x0000000100000000)
  region size 1024K, 25 young (25600K), 3 survivors (3072K)
 Metaspace       used 98337K, committed 99520K, reserved 557056K
  class space    used 13762K, committed 14336K, reserved 425984K
}
Event: 67.186 GC heap after
{Heap after GC invocations=70 (full 0):
 garbage-first heap   total 227328K, used 174660K [0x0000000080000000, 0x0000000100000000)
  region size 1024K, 4 young (4096K), 4 survivors (4096K)
 Metaspace       used 98337K, committed 99520K, reserved 557056K
  class space    used 13762K, committed 14336K, reserved 425984K
}
Event: 67.863 GC heap before
{Heap before GC invocations=70 (full 0):
 garbage-first heap   total 227328K, used 195140K [0x0000000080000000, 0x0000000100000000)
  region size 1024K, 24 young (24576K), 4 survivors (4096K)
 Metaspace       used 98942K, committed 100096K, reserved 557056K
  class space    used 13853K, committed 14400K, reserved 425984K
}
Event: 67.876 GC heap after
{Heap after GC invocations=71 (full 0):
 garbage-first heap   total 227328K, used 177428K [0x0000000080000000, 0x0000000100000000)
  region size 1024K, 3 young (3072K), 3 survivors (3072K)
 Metaspace       used 98942K, committed 100096K, reserved 557056K
  class space    used 13853K, committed 14400K, reserved 425984K
}
Event: 68.172 GC heap before
{Heap before GC invocations=71 (full 0):
 garbage-first heap   total 227328K, used 194836K [0x0000000080000000, 0x0000000100000000)
  region size 1024K, 21 young (21504K), 3 survivors (3072K)
 Metaspace       used 99089K, committed 100224K, reserved 557056K
  class space    used 13861K, committed 14400K, reserved 425984K
}
Event: 68.180 GC heap after
{Heap after GC invocations=72 (full 0):
 garbage-first heap   total 227328K, used 178259K [0x0000000080000000, 0x0000000100000000)
  region size 1024K, 1 young (1024K), 1 survivors (1024K)
 Metaspace       used 99089K, committed 100224K, reserved 557056K
  class space    used 13861K, committed 14400K, reserved 425984K
}
Event: 68.733 GC heap before
{Heap before GC invocations=73 (full 0):
 garbage-first heap   total 306176K, used 190547K [0x0000000080000000, 0x0000000100000000)
  region size 1024K, 14 young (14336K), 1 survivors (1024K)
 Metaspace       used 99232K, committed 100352K, reserved 557056K
  class space    used 13866K, committed 14400K, reserved 425984K
}
Event: 68.736 GC heap after
{Heap after GC invocations=74 (full 0):
 garbage-first heap   total 306176K, used 178635K [0x0000000080000000, 0x0000000100000000)
  region size 1024K, 2 young (2048K), 2 survivors (2048K)
 Metaspace       used 99232K, committed 100352K, reserved 557056K
  class space    used 13866K, committed 14400K, reserved 425984K
}
Event: 69.022 GC heap before
{Heap before GC invocations=74 (full 0):
 garbage-first heap   total 306176K, used 190923K [0x0000000080000000, 0x0000000100000000)
  region size 1024K, 14 young (14336K), 2 survivors (2048K)
 Metaspace       used 99305K, committed 100416K, reserved 557056K
  class space    used 13866K, committed 14400K, reserved 425984K
}
Event: 69.027 GC heap after
{Heap after GC invocations=75 (full 0):
 garbage-first heap   total 306176K, used 177452K [0x0000000080000000, 0x0000000100000000)
  region size 1024K, 1 young (1024K), 1 survivors (1024K)
 Metaspace       used 99305K, committed 100416K, reserved 557056K
  class space    used 13866K, committed 14400K, reserved 425984K
}

