# JRE version: OpenJDK Runtime Environment Microsoft-8035246 (17.0.8+7) (build 17.0.8+7-LTS)
# Java VM: OpenJDK 64-Bit Server VM Microsoft-8035246 (17.0.8+7-LTS, mixed mode, sharing, tiered, compressed oops, compressed class ptrs, g1 gc, windows-amd64)
GC Precious Log:
 CPUs: 8 total, 8 available
 Memory: 8157M
 Large Page Support: Disabled
 NUMA Support: Disabled
 Compressed Oops: Enabled (32-bit)
 Heap Region Size: 1M
 Heap Min Capacity: 8M
 Heap Initial Capacity: 128M
 Heap Max Capacity: 2G
 Pre-touch: Disabled
 Parallel Workers: 8
 Concurrent Workers: 2
 Concurrent Refinement Workers: 8
 Periodic GC: Disabled
Heap:
 garbage-first heap   total 201728K, used 172665K [0x0000000080000000, 0x0000000100000000)
  region size 1024K, 15 young (15360K), 2 survivors (2048K)
 Metaspace       used 103195K, committed 104192K, reserved 557056K
  class space    used 14369K, committed 14848K, reserved 425984K
GC Heap History (20 events):
Event: 70.466 GC heap before
{Heap before GC invocations=64 (full 0):
 garbage-first heap   total 201728K, used 176526K [0x0000000080000000, 0x0000000100000000)
  region size 1024K, 30 young (30720K), 3 survivors (3072K)
 Metaspace       used 102616K, committed 103616K, reserved 557056K
  class space    used 14316K, committed 14784K, reserved 425984K
}
Event: 70.472 GC heap after
{Heap after GC invocations=65 (full 0):
 garbage-first heap   total 201728K, used 147965K [0x0000000080000000, 0x0000000100000000)
  region size 1024K, 4 young (4096K), 4 survivors (4096K)
 Metaspace       used 102616K, committed 103616K, reserved 557056K
  class space    used 14316K, committed 14784K, reserved 425984K
}
Event: 70.956 GC heap before
{Heap before GC invocations=65 (full 0):
 garbage-first heap   total 201728K, used 176637K [0x0000000080000000, 0x0000000100000000)
  region size 1024K, 29 young (29696K), 4 survivors (4096K)
 Metaspace       used 102715K, committed 103680K, reserved 557056K
  class space    used 14319K, committed 14784K, reserved 425984K
}
Event: 70.962 GC heap after
{Heap after GC invocations=66 (full 0):
 garbage-first heap   total 201728K, used 150285K [0x0000000080000000, 0x0000000100000000)
  region size 1024K, 3 young (3072K), 3 survivors (3072K)
 Metaspace       used 102715K, committed 103680K, reserved 557056K
  class space    used 14319K, committed 14784K, reserved 425984K
}
Event: 71.630 GC heap before
{Heap before GC invocations=66 (full 0):
 garbage-first heap   total 201728K, used 181005K [0x0000000080000000, 0x0000000100000000)
  region size 1024K, 26 young (26624K), 3 survivors (3072K)
 Metaspace       used 102762K, committed 103744K, reserved 557056K
  class space    used 14320K, committed 14784K, reserved 425984K
}
Event: 71.634 GC heap after
{Heap after GC invocations=67 (full 0):
 garbage-first heap   total 201728K, used 152128K [0x0000000080000000, 0x0000000100000000)
  region size 1024K, 2 young (2048K), 2 survivors (2048K)
 Metaspace       used 102762K, committed 103744K, reserved 557056K
  class space    used 14320K, committed 14784K, reserved 425984K
}
Event: 72.201 GC heap before
{Heap before GC invocations=67 (full 0):
 garbage-first heap   total 201728K, used 177728K [0x0000000080000000, 0x0000000100000000)
  region size 1024K, 24 young (24576K), 2 survivors (2048K)
 Metaspace       used 102848K, committed 103808K, reserved 557056K
  class space    used 14331K, committed 14784K, reserved 425984K
}
Event: 72.206 GC heap after
{Heap after GC invocations=68 (full 0):
 garbage-first heap   total 201728K, used 154116K [0x0000000080000000, 0x0000000100000000)
  region size 1024K, 2 young (2048K), 2 survivors (2048K)
 Metaspace       used 102848K, committed 103808K, reserved 557056K
  class space    used 14331K, committed 14784K, reserved 425984K
}
Event: 72.618 GC heap before
{Heap before GC invocations=68 (full 0):
 garbage-first heap   total 201728K, used 177668K [0x0000000080000000, 0x0000000100000000)
  region size 1024K, 22 young (22528K), 2 survivors (2048K)
 Metaspace       used 102861K, committed 103808K, reserved 557056K
  class space    used 14331K, committed 14784K, reserved 425984K
}
Event: 72.623 GC heap after
{Heap after GC invocations=69 (full 0):
 garbage-first heap   total 201728K, used 155735K [0x0000000080000000, 0x0000000100000000)
  region size 1024K, 2 young (2048K), 2 survivors (2048K)
 Metaspace       used 102861K, committed 103808K, reserved 557056K
  class space    used 14331K, committed 14784K, reserved 425984K
}
Event: 73.320 GC heap before
{Heap before GC invocations=69 (full 0):
 garbage-first heap   total 201728K, used 174167K [0x0000000080000000, 0x0000000100000000)
  region size 1024K, 21 young (21504K), 2 survivors (2048K)
 Metaspace       used 102962K, committed 103872K, reserved 557056K
  class space    used 14338K, committed 14784K, reserved 425984K
}
Event: 73.325 GC heap after
{Heap after GC invocations=70 (full 0):
 garbage-first heap   total 201728K, used 156853K [0x0000000080000000, 0x0000000100000000)
  region size 1024K, 3 young (3072K), 3 survivors (3072K)
 Metaspace       used 102962K, committed 103872K, reserved 557056K
  class space    used 14338K, committed 14784K, reserved 425984K
}
Event: 73.798 GC heap before
{Heap before GC invocations=70 (full 0):
 garbage-first heap   total 201728K, used 178357K [0x0000000080000000, 0x0000000100000000)
  region size 1024K, 21 young (21504K), 3 survivors (3072K)
 Metaspace       used 102996K, committed 103936K, reserved 557056K
  class space    used 14339K, committed 14784K, reserved 425984K
}
Event: 73.805 GC heap after
{Heap after GC invocations=71 (full 0):
 garbage-first heap   total 201728K, used 158243K [0x0000000080000000, 0x0000000100000000)
  region size 1024K, 3 young (3072K), 3 survivors (3072K)
 Metaspace       used 102996K, committed 103936K, reserved 557056K
  class space    used 14339K, committed 14784K, reserved 425984K
}
Event: 74.206 GC heap before
{Heap before GC invocations=71 (full 0):
 garbage-first heap   total 201728K, used 178723K [0x0000000080000000, 0x0000000100000000)
  region size 1024K, 20 young (20480K), 3 survivors (3072K)
 Metaspace       used 103030K, committed 103936K, reserved 557056K
  class space    used 14344K, committed 14784K, reserved 425984K
}
Event: 74.211 GC heap after
{Heap after GC invocations=72 (full 0):
 garbage-first heap   total 201728K, used 159731K [0x0000000080000000, 0x0000000100000000)
  region size 1024K, 3 young (3072K), 3 survivors (3072K)
 Metaspace       used 103030K, committed 103936K, reserved 557056K
  class space    used 14344K, committed 14784K, reserved 425984K
}
Event: 74.653 GC heap before
{Heap before GC invocations=72 (full 0):
 garbage-first heap   total 201728K, used 175091K [0x0000000080000000, 0x0000000100000000)
  region size 1024K, 19 young (19456K), 3 survivors (3072K)
 Metaspace       used 103160K, committed 104128K, reserved 557056K
  class space    used 14368K, committed 14848K, reserved 425984K
}
Event: 74.659 GC heap after
{Heap after GC invocations=73 (full 0):
 garbage-first heap   total 201728K, used 160658K [0x0000000080000000, 0x0000000100000000)
  region size 1024K, 3 young (3072K), 3 survivors (3072K)
 Metaspace       used 103160K, committed 104128K, reserved 557056K
  class space    used 14368K, committed 14848K, reserved 425984K
}
Event: 75.091 GC heap before
{Heap before GC invocations=73 (full 0):
 garbage-first heap   total 201728K, used 174994K [0x0000000080000000, 0x0000000100000000)
  region size 1024K, 18 young (18432K), 3 survivors (3072K)
 Metaspace       used 103174K, committed 104128K, reserved 557056K
  class space    used 14368K, committed 14848K, reserved 425984K
}
Event: 75.095 GC heap after
{Heap after GC invocations=74 (full 0):
 garbage-first heap   total 201728K, used 161401K [0x0000000080000000, 0x0000000100000000)
  region size 1024K, 2 young (2048K), 2 survivors (2048K)
 Metaspace       used 103174K, committed 104128K, reserved 557056K
  class space    used 14368K, committed 14848K, reserved 425984K
}

